2 Trimestre/PMDM/Agenda-main/app/build/intermediates/manifest_merge_blame_file/debug/manifest-merger-blame-debug-report.txt
1<?xml version="1.0" encoding="utf-8"?>
2<manifest xmlns:android="http://schemas.android.com/apk/res/android"
3    package="com.cdp.agenda"
4    android:versionCode="2"
5    android:versionName="1.1" >
6
7    <uses-sdk
8        android:minSdkVersion="21"
8-->src\main\AndroidManifest.xml
9        android:targetSdkVersion="30" />
9-->src\main\AndroidManifest.xml
10
11    <application
11-->src\main\AndroidManifest.xml:8:5-47:19
12        android:allowBackup="true"
12-->src\main\AndroidManifest.xml:9:9-35
13        android:appComponentFactory="androidx.core.app.CoreComponentFactory"
13-->[androidx.core:core:1.3.1] AndroidManifest.xml:24:18-86
14        android:debuggable="true"
15        android:icon="@mipmap/ic_launcher"
15-->src\main\AndroidManifest.xml:10:9-43
16        android:label="@string/app_name"
16-->src\main\AndroidManifest.xml:11:9-41
17        android:supportsRtl="true"
17-->src\main\AndroidManifest.xml:12:9-35
18        android:testOnly="true"
19        android:theme="@style/AppTheme" >
19-->src\main\AndroidManifest.xml:13:9-40
20        <activity
20-->src\main\AndroidManifest.xml:15:9-21:20
21            android:name="com.cdp.agenda.NuevoActivity"
21-->src\main\AndroidManifest.xml:16:13-42
22            android:parentActivityName="com.cdp.agenda.MainActivity" >
22-->src\main\AndroidManifest.xml:17:13-55
23            <meta-data
23-->src\main\AndroidManifest.xml:18:13-20:49
24                android:name="android.support.PARENT_ACTIVITY"
24-->src\main\AndroidManifest.xml:19:17-63
25                android:value=".MainActivity" />
25-->src\main\AndroidManifest.xml:20:17-46
26        </activity>
27        <activity android:name="com.cdp.agenda.MainActivity" >
27-->src\main\AndroidManifest.xml:22:9-28:20
27-->src\main\AndroidManifest.xml:22:19-47
28            <intent-filter>
28-->src\main\AndroidManifest.xml:23:13-27:29
29                <action android:name="android.intent.action.MAIN" />
29-->src\main\AndroidManifest.xml:24:17-69
29-->src\main\AndroidManifest.xml:24:25-66
30
31                <category android:name="android.intent.category.LAUNCHER" />
31-->src\main\AndroidManifest.xml:26:17-77
31-->src\main\AndroidManifest.xml:26:27-74
32            </intent-filter>
33        </activity>
34        <activity
34-->src\main\AndroidManifest.xml:30:9-37:20
35            android:name="com.cdp.agenda.VerActivity"
35-->src\main\AndroidManifest.xml:31:13-40
36            android:parentActivityName="com.cdp.agenda.MainActivity" >
36-->src\main\AndroidManifest.xml:32:13-55
37            <meta-data
37-->src\main\AndroidManifest.xml:18:13-20:49
38                android:name="android.support.PARENT_ACTIVITY"
38-->src\main\AndroidManifest.xml:19:17-63
39                android:value=".MainActivity" />
39-->src\main\AndroidManifest.xml:20:17-46
40        </activity>
41        <activity
41-->src\main\AndroidManifest.xml:39:9-46:20
42            android:name="com.cdp.agenda.EditarActivity"
42-->src\main\AndroidManifest.xml:40:13-43
43            android:parentActivityName="com.cdp.agenda.MainActivity" >
43-->src\main\AndroidManifest.xml:41:13-55
44            <meta-data
44-->src\main\AndroidManifest.xml:18:13-20:49
45                android:name="android.support.PARENT_ACTIVITY"
45-->src\main\AndroidManifest.xml:19:17-63
46                android:value=".MainActivity" />
46-->src\main\AndroidManifest.xml:20:17-46
47        </activity>
48    </application>
49
50</manifest>